{"D:\\Dev\\learning\\JEST-Testing\\build\\modules\\gradeCalculations.js": {"path":"D:\\Dev\\learning\\JEST-Testing\\build\\modules\\gradeCalculations.js","statementMap":{"0":{"start":{"line":2,"column":0},"end":{"line":2,"column":62}},"1":{"start":{"line":3,"column":0},"end":{"line":3,"column":58}},"2":{"start":{"line":4,"column":21},"end":{"line":10,"column":1}},"3":{"start":{"line":5,"column":29},"end":{"line":5,"column":79}},"4":{"start":{"line":5,"column":54},"end":{"line":5,"column":78}},"5":{"start":{"line":6,"column":4},"end":{"line":7,"column":47}},"6":{"start":{"line":7,"column":8},"end":{"line":7,"column":47}},"7":{"start":{"line":8,"column":22},"end":{"line":8,"column":101}},"8":{"start":{"line":8,"column":71},"end":{"line":8,"column":97}},"9":{"start":{"line":9,"column":4},"end":{"line":9,"column":41}},"10":{"start":{"line":11,"column":0},"end":{"line":11,"column":36}},"11":{"start":{"line":12,"column":26},"end":{"line":26,"column":1}},"12":{"start":{"line":13,"column":22},"end":{"line":13,"column":24}},"13":{"start":{"line":14,"column":20},"end":{"line":14,"column":57}},"14":{"start":{"line":15,"column":4},"end":{"line":22,"column":5}},"15":{"start":{"line":16,"column":8},"end":{"line":16,"column":46}},"16":{"start":{"line":17,"column":8},"end":{"line":17,"column":20}},"17":{"start":{"line":20,"column":8},"end":{"line":20,"column":46}},"18":{"start":{"line":21,"column":8},"end":{"line":21,"column":21}},"19":{"start":{"line":27,"column":0},"end":{"line":27,"column":46}}},"fnMap":{"0":{"name":"(anonymous_0)","decl":{"start":{"line":4,"column":21},"end":{"line":4,"column":22}},"loc":{"start":{"line":4,"column":37},"end":{"line":10,"column":1}},"line":4},"1":{"name":"(anonymous_1)","decl":{"start":{"line":5,"column":46},"end":{"line":5,"column":47}},"loc":{"start":{"line":5,"column":54},"end":{"line":5,"column":78}},"line":5},"2":{"name":"(anonymous_2)","decl":{"start":{"line":8,"column":40},"end":{"line":8,"column":41}},"loc":{"start":{"line":8,"column":71},"end":{"line":8,"column":97}},"line":8},"3":{"name":"(anonymous_3)","decl":{"start":{"line":12,"column":26},"end":{"line":12,"column":27}},"loc":{"start":{"line":12,"column":48},"end":{"line":26,"column":1}},"line":12}},"branchMap":{"0":{"loc":{"start":{"line":6,"column":4},"end":{"line":7,"column":47}},"type":"if","locations":[{"start":{"line":6,"column":4},"end":{"line":7,"column":47}},{"start":{},"end":{}}],"line":6},"1":{"loc":{"start":{"line":15,"column":4},"end":{"line":22,"column":5}},"type":"if","locations":[{"start":{"line":15,"column":4},"end":{"line":22,"column":5}},{"start":{"line":19,"column":9},"end":{"line":22,"column":5}}],"line":15}},"s":{"0":1,"1":1,"2":1,"3":5,"4":18,"5":5,"6":1,"7":4,"8":16,"9":4,"10":1,"11":1,"12":2,"13":2,"14":2,"15":1,"16":1,"17":1,"18":1,"19":1},"f":{"0":5,"1":18,"2":16,"3":2},"b":{"0":[1,4],"1":[1,1]},"_coverageSchema":"1a1c01bbd47fc00a2c39e90264f33305004495a9","hash":"58f9d6c5ec7da6a01114a64cc6678ba9aa93224f"}
}
